[1017/000721.853:ERROR:directory_reader_win.cc(43)] FindFirstFile: The system cannot find the path specified. (0x3)
[1019/190638.644:ERROR:directory_reader_win.cc(43)] FindFirstFile: The system cannot find the path specified. (0x3)
[1107/132629.827:ERROR:directory_reader_win.cc(43)] FindFirstFile: The system cannot find the path specified. (0x3)
[1108/231854.111:ERROR:directory_reader_win.cc(43)] FindFirstFile: The system cannot find the path specified. (0x3)
[1112/130114.443:ERROR:directory_reader_win.cc(43)] FindFirstFile: The system cannot find the path specified. (0x3)
[1116/181238.391:ERROR:directory_reader_win.cc(43)] FindFirstFile: The system cannot find the path specified. (0x3)
[1116/234646.824:ERROR:process_memory_win.cc(73)] ReadMemory at 0x7ff67b200000 of 64 bytes failed: Only part of a ReadProcessMemory or WriteProcessMemory request was completed. (0x12B)
[1116/234646.846:WARNING:pe_image_reader.cc(340)] could not read dos header from C:\Program Files (x86)\Google\Chrome\Application\chrome.exe
[1116/234646.848:ERROR:process_memory_win.cc(73)] ReadMemory at 0x7ffed6b00000 of 64 bytes failed: Only part of a ReadProcessMemory or WriteProcessMemory request was completed. (0x12B)
[1116/234646.848:WARNING:pe_image_reader.cc(340)] could not read dos header from C:\Windows\SYSTEM32\ntdll.dll
[1116/234646.848:ERROR:process_memory_win.cc(73)] ReadMemory at 0x7ffed3fb0000 of 64 bytes failed: Only part of a ReadProcessMemory or WriteProcessMemory request was completed. (0x12B)
[1116/234646.848:WARNING:pe_image_reader.cc(340)] could not read dos header from C:\Windows\System32\KERNEL32.DLL
[1116/234646.848:ERROR:process_memory_win.cc(73)] ReadMemory at 0x7ffed37b0000 of 64 bytes failed: Only part of a ReadProcessMemory or WriteProcessMemory request was completed. (0x12B)
[1116/234646.848:WARNING:pe_image_reader.cc(340)] could not read dos header from C:\Windows\System32\KERNELBASE.dll
[1116/234646.848:ERROR:process_memory_win.cc(73)] ReadMemory at 0x7ffebc4b0000 of 64 bytes failed: Only part of a ReadProcessMemory or WriteProcessMemory request was completed. (0x12B)
[1116/234646.848:WARNING:pe_image_reader.cc(340)] could not read dos header from C:\Program Files (x86)\Google\Chrome\Application\86.0.4240.198\chrome_elf.dll
[1116/234646.848:ERROR:process_memory_win.cc(73)] ReadMemory at 0x7ffece160000 of 64 bytes failed: Only part of a ReadProcessMemory or WriteProcessMemory request was completed. (0x12B)
[1116/234646.849:WARNING:pe_image_reader.cc(340)] could not read dos header from C:\Windows\SYSTEM32\VERSION.dll
[1116/234646.849:ERROR:process_memory_win.cc(73)] ReadMemory at 0x7ffed4640000 of 64 bytes failed: Only part of a ReadProcessMemory or WriteProcessMemory request was completed. (0x12B)
[1116/234646.849:WARNING:pe_image_reader.cc(340)] could not read dos header from C:\Windows\System32\msvcrt.dll
[1116/234646.849:ERROR:process_memory_win.cc(73)] ReadMemory at 0x7ffed3550000 of 64 bytes failed: Only part of a ReadProcessMemory or WriteProcessMemory request was completed. (0x12B)
[1116/234646.849:WARNING:pe_image_reader.cc(340)] could not read dos header from C:\Windows\System32\bcryptPrimitives.dll
[1116/234646.849:ERROR:process_memory_win.cc(73)] ReadMemory at 0x7ffed3d20000 of 64 bytes failed: Only part of a ReadProcessMemory or WriteProcessMemory request was completed. (0x12B)
[1116/234646.849:WARNING:pe_image_reader.cc(340)] could not read dos header from C:\Windows\System32\ADVAPI32.dll
[1116/234646.849:ERROR:process_memory_win.cc(73)] ReadMemory at 0x7ffed45a0000 of 64 bytes failed: Only part of a ReadProcessMemory or WriteProcessMemory request was completed. (0x12B)
[1116/234646.849:WARNING:pe_image_reader.cc(340)] could not read dos header from C:\Windows\System32\sechost.dll
[1116/234646.849:ERROR:process_memory_win.cc(73)] ReadMemory at 0x7ffed4e50000 of 64 bytes failed: Only part of a ReadProcessMemory or WriteProcessMemory request was completed. (0x12B)
[1116/234646.849:WARNING:pe_image_reader.cc(340)] could not read dos header from C:\Windows\System32\RPCRT4.dll
[1116/234646.849:ERROR:process_memory_win.cc(73)] ReadMemory at 0x7ffe8b9e0000 of 64 bytes failed: Only part of a ReadProcessMemory or WriteProcessMemory request was completed. (0x12B)
[1116/234646.849:WARNING:pe_image_reader.cc(340)] could not read dos header from C:\Program Files (x86)\Google\Chrome\Application\86.0.4240.198\chrome.dll
[1116/234646.849:ERROR:process_memory_win.cc(73)] ReadMemory at 0x7ffed68b0000 of 64 bytes failed: Only part of a ReadProcessMemory or WriteProcessMemory request was completed. (0x12B)
[1116/234646.849:WARNING:pe_image_reader.cc(340)] could not read dos header from C:\Windows\System32\WS2_32.dll
[1116/234646.850:ERROR:process_memory_win.cc(73)] ReadMemory at 0x7ffed4850000 of 64 bytes failed: Only part of a ReadProcessMemory or WriteProcessMemory request was completed. (0x12B)
[1116/234646.850:WARNING:pe_image_reader.cc(340)] could not read dos header from C:\Windows\System32\OLEAUT32.dll
[1116/234646.850:ERROR:process_memory_win.cc(73)] ReadMemory at 0x7ffed2cc0000 of 64 bytes failed: Only part of a ReadProcessMemory or WriteProcessMemory request was completed. (0x12B)
[1116/234646.850:WARNING:pe_image_reader.cc(340)] could not read dos header from C:\Windows\System32\msvcp_win.dll
[1116/234646.850:ERROR:process_memory_win.cc(73)] ReadMemory at 0x7ffed2bc0000 of 64 bytes failed: Only part of a ReadProcessMemory or WriteProcessMemory request was completed. (0x12B)
[1116/234646.850:WARNING:pe_image_reader.cc(340)] could not read dos header from C:\Windows\System32\ucrtbase.dll
[1116/234646.850:ERROR:process_memory_win.cc(73)] ReadMemory at 0x7ffed40d0000 of 64 bytes failed: Only part of a ReadProcessMemory or WriteProcessMemory request was completed. (0x12B)
[1116/234646.850:WARNING:pe_image_reader.cc(340)] could not read dos header from C:\Windows\System32\combase.dll
[1116/234646.850:ERROR:process_memory_win.cc(73)] ReadMemory at 0x7ffed2d80000 of 64 bytes failed: Only part of a ReadProcessMemory or WriteProcessMemory request was completed. (0x12B)
[1116/234646.850:WARNING:pe_image_reader.cc(340)] could not read dos header from C:\Windows\System32\WINTRUST.dll
[1116/234646.850:ERROR:process_memory_win.cc(73)] ReadMemory at 0x7ffed2b10000 of 64 bytes failed: Only part of a ReadProcessMemory or WriteProcessMemory request was completed. (0x12B)
[1116/234646.850:WARNING:pe_image_reader.cc(340)] could not read dos header from C:\Windows\System32\MSASN1.dll
[1116/234646.850:ERROR:process_memory_win.cc(73)] ReadMemory at 0x7ffed35d0000 of 64 bytes failed: Only part of a ReadProcessMemory or WriteProcessMemory request was completed. (0x12B)
[1116/234646.850:WARNING:pe_image_reader.cc(340)] could not read dos header from C:\Windows\System32\CRYPT32.dll
[1116/234646.850:ERROR:process_memory_win.cc(73)] ReadMemory at 0x7ffec38c0000 of 64 bytes failed: Only part of a ReadProcessMemory or WriteProcessMemory request was completed. (0x12B)
[1116/234646.850:WARNING:pe_image_reader.cc(340)] could not read dos header from C:\Windows\SYSTEM32\dbghelp.dll
[1116/234646.850:ERROR:process_memory_win.cc(73)] ReadMemory at 0x7ffed2080000 of 64 bytes failed: Only part of a ReadProcessMemory or WriteProcessMemory request was completed. (0x12B)
[1116/234646.850:WARNING:pe_image_reader.cc(340)] could not read dos header from C:\Windows\SYSTEM32\IPHLPAPI.DLL
[1116/234646.850:ERROR:process_memory_win.cc(73)] ReadMemory at 0x7ffed0610000 of 64 bytes failed: Only part of a ReadProcessMemory or WriteProcessMemory request was completed. (0x12B)
[1116/234646.851:WARNING:pe_image_reader.cc(340)] could not read dos header from C:\Windows\SYSTEM32\WINMM.dll
[1116/234646.851:ERROR:process_memory_win.cc(73)] ReadMemory at 0x7ffebc120000 of 64 bytes failed: Only part of a ReadProcessMemory or WriteProcessMemory request was completed. (0x12B)
[1116/234646.851:WARNING:pe_image_reader.cc(340)] could not read dos header from C:\Windows\SYSTEM32\UIAutomationCore.DLL
[1116/234646.851:ERROR:process_memory_win.cc(73)] ReadMemory at 0x7ffeb9d00000 of 64 bytes failed: Only part of a ReadProcessMemory or WriteProcessMemory request was completed. (0x12B)
[1116/234646.851:WARNING:pe_image_reader.cc(340)] could not read dos header from C:\Windows\SYSTEM32\Secur32.dll
[1116/234646.851:ERROR:process_memory_win.cc(73)] ReadMemory at 0x7ffed2a20000 of 64 bytes failed: Only part of a ReadProcessMemory or WriteProcessMemory request was completed. (0x12B)
[1116/234646.851:WARNING:pe_image_reader.cc(340)] could not read dos header from C:\Windows\SYSTEM32\USERENV.dll
[1116/234646.851:ERROR:process_memory_win.cc(73)] ReadMemory at 0x7ffed2b30000 of 64 bytes failed: Only part of a ReadProcessMemory or WriteProcessMemory request was completed. (0x12B)
[1116/234646.851:WARNING:pe_image_reader.cc(340)] could not read dos header from C:\Windows\System32\profapi.dll
[1116/234646.851:ERROR:process_memory_win.cc(73)] ReadMemory at 0x7ffebf400000 of 64 bytes failed: Only part of a ReadProcessMemory or WriteProcessMemory request was completed. (0x12B)
[1116/234646.851:WARNING:pe_image_reader.cc(340)] could not read dos header from C:\Windows\SYSTEM32\DWrite.dll
[1116/234646.851:ERROR:process_memory_win.cc(73)] ReadMemory at 0x7ffebcf70000 of 64 bytes failed: Only part of a ReadProcessMemory or WriteProcessMemory request was completed. (0x12B)
[1116/234646.851:WARNING:pe_image_reader.cc(340)] could not read dos header from C:\Windows\SYSTEM32\WINSPOOL.DRV
[1116/234646.851:ERROR:process_memory_win.cc(73)] ReadMemory at 0x7ffed2af0000 of 64 bytes failed: Only part of a ReadProcessMemory or WriteProcessMemory request was completed. (0x12B)
[1116/234646.851:WARNING:pe_image_reader.cc(340)] could not read dos header from C:\Windows\System32\kernel.appcore.dll
[1116/234646.851:ERROR:process_memory_win.cc(73)] ReadMemory at 0x7ffed3cf0000 of 64 bytes failed: Only part of a ReadProcessMemory or WriteProcessMemory request was completed. (0x12B)
[1116/234646.851:WARNING:pe_image_reader.cc(340)] could not read dos header from C:\Windows\System32\bcrypt.dll
[1116/234646.851:ERROR:process_memory_win.cc(73)] ReadMemory at 0x7ffec6670000 of 64 bytes failed: Only part of a ReadProcessMemory or WriteProcessMemory request was completed. (0x12B)
[1116/234646.852:WARNING:pe_image_reader.cc(340)] could not read dos header from C:\Windows\SYSTEM32\WINHTTP.dll
[1116/234646.852:ERROR:process_memory_win.cc(73)] ReadMemory at 0x7ffeca730000 of 64 bytes failed: Only part of a ReadProcessMemory or WriteProcessMemory request was completed. (0x12B)
[1116/234646.852:WARNING:pe_image_reader.cc(340)] could not read dos header from C:\Windows\SYSTEM32\dhcpcsvc.DLL
[1116/234646.852:ERROR:process_memory_win.cc(73)] ReadMemory at 0x7ffed4e40000 of 64 bytes failed: Only part of a ReadProcessMemory or WriteProcessMemory request was completed. (0x12B)
[1116/234646.852:WARNING:pe_image_reader.cc(340)] could not read dos header from C:\Windows\System32\NSI.dll
[1116/234646.852:ERROR:process_memory_win.cc(73)] ReadMemory at 0x7ffecf3e0000 of 64 bytes failed: Only part of a ReadProcessMemory or WriteProcessMemory request was completed. (0x12B)
[1116/234646.852:WARNING:pe_image_reader.cc(340)] could not read dos header from C:\Windows\SYSTEM32\WINMMBASE.dll
[1116/234646.852:ERROR:process_memory_win.cc(73)] ReadMemory at 0x7ffed3b00000 of 64 bytes failed: Only part of a ReadProcessMemory or WriteProcessMemory request was completed. (0x12B)
[1116/234646.852:WARNING:pe_image_reader.cc(340)] could not read dos header from C:\Windows\System32\cfgmgr32.dll
[1116/234646.852:ERROR:process_memory_win.cc(73)] ReadMemory at 0x7ffeca150000 of 64 bytes failed: Only part of a ReadProcessMemory or WriteProcessMemory request was completed. (0x12B)
[1116/234646.852:WARNING:pe_image_reader.cc(340)] could not read dos header from C:\Windows\SYSTEM32\Bcp47Langs.dll
[1116/234646.852:ERROR:process_memory_win.cc(73)] ReadMemory at 0x7ffecfbb0000 of 64 bytes failed: Only part of a ReadProcessMemory or WriteProcessMemory request was completed. (0x12B)
[1116/234646.852:WARNING:pe_image_reader.cc(340)] could not read dos header from C:\Windows\SYSTEM32\PROPSYS.dll
[1116/234646.852:ERROR:process_memory_win.cc(73)] ReadMemory at 0x7ffed5190000 of 64 bytes failed: Only part of a ReadProcessMemory or WriteProcessMemory request was completed. (0x12B)
[1116/234646.852:WARNING:pe_image_reader.cc(340)] could not read dos header from C:\Windows\System32\shcore.dll
[1116/234646.852:ERROR:process_memory_win.cc(73)] ReadMemory at 0x7ffed29f0000 of 64 bytes failed: Only part of a ReadProcessMemory or WriteProcessMemory request was completed. (0x12B)
[1116/234646.852:WARNING:pe_image_reader.cc(340)] could not read dos header from C:\Windows\SYSTEM32\SSPICLI.DLL
[1116/234646.852:ERROR:process_memory_win.cc(73)] ReadMemory at 0x7ffed2530000 of 64 bytes failed: Only part of a ReadProcessMemory or WriteProcessMemory request was completed. (0x12B)
[1116/234646.852:WARNING:pe_image_reader.cc(340)] could not read dos header from C:\Windows\SYSTEM32\CRYPTBASE.DLL
[1116/234646.902:ERROR:process_memory_win.cc(73)] ReadMemory at 0x7ff67b200000 of 64 bytes failed: Only part of a ReadProcessMemory or WriteProcessMemory request was completed. (0x12B)
[1116/234646.902:WARNING:pe_image_reader.cc(340)] could not read dos header from C:\Program Files (x86)\Google\Chrome\Application\chrome.exe
[1116/234646.902:ERROR:process_memory_win.cc(73)] ReadMemory at 0x7ffed6b00000 of 64 bytes failed: Only part of a ReadProcessMemory or WriteProcessMemory request was completed. (0x12B)
[1116/234646.902:WARNING:pe_image_reader.cc(340)] could not read dos header from C:\Windows\SYSTEM32\ntdll.dll
[1116/234646.902:ERROR:process_memory_win.cc(73)] ReadMemory at 0x7ffed3fb0000 of 64 bytes failed: Only part of a ReadProcessMemory or WriteProcessMemory request was completed. (0x12B)
[1116/234646.903:WARNING:pe_image_reader.cc(340)] could not read dos header from C:\Windows\System32\KERNEL32.DLL
[1116/234646.903:ERROR:process_memory_win.cc(73)] ReadMemory at 0x7ffed37b0000 of 64 bytes failed: Only part of a ReadProcessMemory or WriteProcessMemory request was completed. (0x12B)
[1116/234646.903:WARNING:pe_image_reader.cc(340)] could not read dos header from C:\Windows\System32\KERNELBASE.dll
[1116/234646.903:ERROR:process_memory_win.cc(73)] ReadMemory at 0x7ffebc4b0000 of 64 bytes failed: Only part of a ReadProcessMemory or WriteProcessMemory request was completed. (0x12B)
[1116/234646.903:WARNING:pe_image_reader.cc(340)] could not read dos header from C:\Program Files (x86)\Google\Chrome\Application\86.0.4240.198\chrome_elf.dll
[1116/234646.903:ERROR:process_memory_win.cc(73)] ReadMemory at 0x7ffece160000 of 64 bytes failed: Only part of a ReadProcessMemory or WriteProcessMemory request was completed. (0x12B)
[1116/234646.903:WARNING:pe_image_reader.cc(340)] could not read dos header from C:\Windows\SYSTEM32\VERSION.dll
[1116/234646.903:ERROR:process_memory_win.cc(73)] ReadMemory at 0x7ffed4640000 of 64 bytes failed: Only part of a ReadProcessMemory or WriteProcessMemory request was completed. (0x12B)
[1116/234646.903:WARNING:pe_image_reader.cc(340)] could not read dos header from C:\Windows\System32\msvcrt.dll
[1116/234646.903:ERROR:process_memory_win.cc(73)] ReadMemory at 0x7ffed3550000 of 64 bytes failed: Only part of a ReadProcessMemory or WriteProcessMemory request was completed. (0x12B)
[1116/234646.903:WARNING:pe_image_reader.cc(340)] could not read dos header from C:\Windows\System32\bcryptPrimitives.dll
[1116/234646.903:ERROR:process_memory_win.cc(73)] ReadMemory at 0x7ffed3d20000 of 64 bytes failed: Only part of a ReadProcessMemory or WriteProcessMemory request was completed. (0x12B)
[1116/234646.903:WARNING:pe_image_reader.cc(340)] could not read dos header from C:\Windows\System32\ADVAPI32.dll
[1116/234646.903:ERROR:process_memory_win.cc(73)] ReadMemory at 0x7ffed45a0000 of 64 bytes failed: Only part of a ReadProcessMemory or WriteProcessMemory request was completed. (0x12B)
[1116/234646.903:WARNING:pe_image_reader.cc(340)] could not read dos header from C:\Windows\System32\sechost.dll
[1116/234646.903:ERROR:process_memory_win.cc(73)] ReadMemory at 0x7ffed4e50000 of 64 bytes failed: Only part of a ReadProcessMemory or WriteProcessMemory request was completed. (0x12B)
[1116/234646.903:WARNING:pe_image_reader.cc(340)] could not read dos header from C:\Windows\System32\RPCRT4.dll
[1116/234646.903:ERROR:process_memory_win.cc(73)] ReadMemory at 0x7ffe8b9e0000 of 64 bytes failed: Only part of a ReadProcessMemory or WriteProcessMemory request was completed. (0x12B)
[1116/234646.903:WARNING:pe_image_reader.cc(340)] could not read dos header from C:\Program Files (x86)\Google\Chrome\Application\86.0.4240.198\chrome.dll
[1116/234646.904:ERROR:process_memory_win.cc(73)] ReadMemory at 0x7ffed68b0000 of 64 bytes failed: Only part of a ReadProcessMemory or WriteProcessMemory request was completed. (0x12B)
[1116/234646.904:WARNING:pe_image_reader.cc(340)] could not read dos header from C:\Windows\System32\WS2_32.dll
[1116/234646.904:ERROR:process_memory_win.cc(73)] ReadMemory at 0x7ffed4850000 of 64 bytes failed: Only part of a ReadProcessMemory or WriteProcessMemory request was completed. (0x12B)
[1116/234646.904:WARNING:pe_image_reader.cc(340)] could not read dos header from C:\Windows\System32\OLEAUT32.dll
[1116/234646.904:ERROR:process_memory_win.cc(73)] ReadMemory at 0x7ffed2cc0000 of 64 bytes failed: Only part of a ReadProcessMemory or WriteProcessMemory request was completed. (0x12B)
[1116/234646.904:WARNING:pe_image_reader.cc(340)] could not read dos header from C:\Windows\System32\msvcp_win.dll
[1116/234646.904:ERROR:process_memory_win.cc(73)] ReadMemory at 0x7ffed2bc0000 of 64 bytes failed: Only part of a ReadProcessMemory or WriteProcessMemory request was completed. (0x12B)
[1116/234646.904:WARNING:pe_image_reader.cc(340)] could not read dos header from C:\Windows\System32\ucrtbase.dll
[1116/234646.904:ERROR:process_memory_win.cc(73)] ReadMemory at 0x7ffed40d0000 of 64 bytes failed: Only part of a ReadProcessMemory or WriteProcessMemory request was completed. (0x12B)
[1116/234646.904:WARNING:pe_image_reader.cc(340)] could not read dos header from C:\Windows\System32\combase.dll
[1116/234646.904:ERROR:process_memory_win.cc(73)] ReadMemory at 0x7ffed2d80000 of 64 bytes failed: Only part of a ReadProcessMemory or WriteProcessMemory request was completed. (0x12B)
[1116/234646.904:WARNING:pe_image_reader.cc(340)] could not read dos header from C:\Windows\System32\WINTRUST.dll
[1116/234646.904:ERROR:process_memory_win.cc(73)] ReadMemory at 0x7ffed2b10000 of 64 bytes failed: Only part of a ReadProcessMemory or WriteProcessMemory request was completed. (0x12B)
[1116/234646.904:WARNING:pe_image_reader.cc(340)] could not read dos header from C:\Windows\System32\MSASN1.dll
[1116/234646.904:ERROR:process_memory_win.cc(73)] ReadMemory at 0x7ffed35d0000 of 64 bytes failed: Only part of a ReadProcessMemory or WriteProcessMemory request was completed. (0x12B)
[1116/234646.904:WARNING:pe_image_reader.cc(340)] could not read dos header from C:\Windows\System32\CRYPT32.dll
[1116/234646.904:ERROR:process_memory_win.cc(73)] ReadMemory at 0x7ffec38c0000 of 64 bytes failed: Only part of a ReadProcessMemory or WriteProcessMemory request was completed. (0x12B)
[1116/234646.904:WARNING:pe_image_reader.cc(340)] could not read dos header from C:\Windows\SYSTEM32\dbghelp.dll
[1116/234646.904:ERROR:process_memory_win.cc(73)] ReadMemory at 0x7ffed2080000 of 64 bytes failed: Only part of a ReadProcessMemory or WriteProcessMemory request was completed. (0x12B)
[1116/234646.904:WARNING:pe_image_reader.cc(340)] could not read dos header from C:\Windows\SYSTEM32\IPHLPAPI.DLL
[1116/234646.904:ERROR:process_memory_win.cc(73)] ReadMemory at 0x7ffed0610000 of 64 bytes failed: Only part of a ReadProcessMemory or WriteProcessMemory request was completed. (0x12B)
[1116/234646.904:WARNING:pe_image_reader.cc(340)] could not read dos header from C:\Windows\SYSTEM32\WINMM.dll
[1116/234646.905:ERROR:process_memory_win.cc(73)] ReadMemory at 0x7ffebc120000 of 64 bytes failed: Only part of a ReadProcessMemory or WriteProcessMemory request was completed. (0x12B)
[1116/234646.905:WARNING:pe_image_reader.cc(340)] could not read dos header from C:\Windows\SYSTEM32\UIAutomationCore.DLL
[1116/234646.905:ERROR:process_memory_win.cc(73)] ReadMemory at 0x7ffeb9d00000 of 64 bytes failed: Only part of a ReadProcessMemory or WriteProcessMemory request was completed. (0x12B)
[1116/234646.905:WARNING:pe_image_reader.cc(340)] could not read dos header from C:\Windows\SYSTEM32\Secur32.dll
[1116/234646.905:ERROR:process_memory_win.cc(73)] ReadMemory at 0x7ffed2a20000 of 64 bytes failed: Only part of a ReadProcessMemory or WriteProcessMemory request was completed. (0x12B)
[1116/234646.905:WARNING:pe_image_reader.cc(340)] could not read dos header from C:\Windows\SYSTEM32\USERENV.dll
[1116/234646.905:ERROR:process_memory_win.cc(73)] ReadMemory at 0x7ffed2b30000 of 64 bytes failed: Only part of a ReadProcessMemory or WriteProcessMemory request was completed. (0x12B)
[1116/234646.905:WARNING:pe_image_reader.cc(340)] could not read dos header from C:\Windows\System32\profapi.dll
[1116/234646.905:ERROR:process_memory_win.cc(73)] ReadMemory at 0x7ffebf400000 of 64 bytes failed: Only part of a ReadProcessMemory or WriteProcessMemory request was completed. (0x12B)
[1116/234646.905:WARNING:pe_image_reader.cc(340)] could not read dos header from C:\Windows\SYSTEM32\DWrite.dll
[1116/234646.905:ERROR:process_memory_win.cc(73)] ReadMemory at 0x7ffebcf70000 of 64 bytes failed: Only part of a ReadProcessMemory or WriteProcessMemory request was completed. (0x12B)
[1116/234646.905:WARNING:pe_image_reader.cc(340)] could not read dos header from C:\Windows\SYSTEM32\WINSPOOL.DRV
[1116/234646.905:ERROR:process_memory_win.cc(73)] ReadMemory at 0x7ffed2af0000 of 64 bytes failed: Only part of a ReadProcessMemory or WriteProcessMemory request was completed. (0x12B)
[1116/234646.905:WARNING:pe_image_reader.cc(340)] could not read dos header from C:\Windows\System32\kernel.appcore.dll
[1116/234646.905:ERROR:process_memory_win.cc(73)] ReadMemory at 0x7ffed3cf0000 of 64 bytes failed: Only part of a ReadProcessMemory or WriteProcessMemory request was completed. (0x12B)
[1116/234646.905:WARNING:pe_image_reader.cc(340)] could not read dos header from C:\Windows\System32\bcrypt.dll
[1116/234646.905:ERROR:process_memory_win.cc(73)] ReadMemory at 0x7ffec6670000 of 64 bytes failed: Only part of a ReadProcessMemory or WriteProcessMemory request was completed. (0x12B)
[1116/234646.905:WARNING:pe_image_reader.cc(340)] could not read dos header from C:\Windows\SYSTEM32\WINHTTP.dll
[1116/234646.905:ERROR:process_memory_win.cc(73)] ReadMemory at 0x7ffeca730000 of 64 bytes failed: Only part of a ReadProcessMemory or WriteProcessMemory request was completed. (0x12B)
[1116/234646.905:WARNING:pe_image_reader.cc(340)] could not read dos header from C:\Windows\SYSTEM32\dhcpcsvc.DLL
[1116/234646.905:ERROR:process_memory_win.cc(73)] ReadMemory at 0x7ffed4e40000 of 64 bytes failed: Only part of a ReadProcessMemory or WriteProcessMemory request was completed. (0x12B)
[1116/234646.905:WARNING:pe_image_reader.cc(340)] could not read dos header from C:\Windows\System32\NSI.dll
[1116/234646.906:ERROR:process_memory_win.cc(73)] ReadMemory at 0x7ffecf3e0000 of 64 bytes failed: Only part of a ReadProcessMemory or WriteProcessMemory request was completed. (0x12B)
[1116/234646.906:WARNING:pe_image_reader.cc(340)] could not read dos header from C:\Windows\SYSTEM32\WINMMBASE.dll
[1116/234646.906:ERROR:process_memory_win.cc(73)] ReadMemory at 0x7ffed3b00000 of 64 bytes failed: Only part of a ReadProcessMemory or WriteProcessMemory request was completed. (0x12B)
[1116/234646.906:WARNING:pe_image_reader.cc(340)] could not read dos header from C:\Windows\System32\cfgmgr32.dll
[1116/234646.906:ERROR:process_memory_win.cc(73)] ReadMemory at 0x7ffeca150000 of 64 bytes failed: Only part of a ReadProcessMemory or WriteProcessMemory request was completed. (0x12B)
[1116/234646.906:WARNING:pe_image_reader.cc(340)] could not read dos header from C:\Windows\SYSTEM32\Bcp47Langs.dll
[1116/234646.906:ERROR:process_memory_win.cc(73)] ReadMemory at 0x7ffecfbb0000 of 64 bytes failed: Only part of a ReadProcessMemory or WriteProcessMemory request was completed. (0x12B)
[1116/234646.906:WARNING:pe_image_reader.cc(340)] could not read dos header from C:\Windows\SYSTEM32\PROPSYS.dll
[1116/234646.906:ERROR:process_memory_win.cc(73)] ReadMemory at 0x7ffed5190000 of 64 bytes failed: Only part of a ReadProcessMemory or WriteProcessMemory request was completed. (0x12B)
[1116/234646.906:WARNING:pe_image_reader.cc(340)] could not read dos header from C:\Windows\System32\shcore.dll
[1116/234646.906:ERROR:process_memory_win.cc(73)] ReadMemory at 0x7ffed29f0000 of 64 bytes failed: Only part of a ReadProcessMemory or WriteProcessMemory request was completed. (0x12B)
[1116/234646.906:WARNING:pe_image_reader.cc(340)] could not read dos header from C:\Windows\SYSTEM32\SSPICLI.DLL
[1116/234646.906:ERROR:process_memory_win.cc(73)] ReadMemory at 0x7ffed2530000 of 64 bytes failed: Only part of a ReadProcessMemory or WriteProcessMemory request was completed. (0x12B)
[1116/234646.906:WARNING:pe_image_reader.cc(340)] could not read dos header from C:\Windows\SYSTEM32\CRYPTBASE.DLL
[1116/234646.906:ERROR:process_memory_win.cc(73)] ReadMemory at 0x7ff67b200000 of 64 bytes failed: Only part of a ReadProcessMemory or WriteProcessMemory request was completed. (0x12B)
[1116/234646.906:WARNING:pe_image_reader.cc(340)] could not read dos header from C:\Program Files (x86)\Google\Chrome\Application\chrome.exe
[1116/234646.906:ERROR:process_memory_win.cc(73)] ReadMemory at 0x7ffed6b00000 of 64 bytes failed: Only part of a ReadProcessMemory or WriteProcessMemory request was completed. (0x12B)
[1116/234646.906:WARNING:pe_image_reader.cc(340)] could not read dos header from C:\Windows\SYSTEM32\ntdll.dll
[1116/234646.906:ERROR:process_memory_win.cc(73)] ReadMemory at 0x7ffed3fb0000 of 64 bytes failed: Only part of a ReadProcessMemory or WriteProcessMemory request was completed. (0x12B)
[1116/234646.906:WARNING:pe_image_reader.cc(340)] could not read dos header from C:\Windows\System32\KERNEL32.DLL
[1116/234646.906:ERROR:process_memory_win.cc(73)] ReadMemory at 0x7ffed37b0000 of 64 bytes failed: Only part of a ReadProcessMemory or WriteProcessMemory request was completed. (0x12B)
[1116/234646.906:WARNING:pe_image_reader.cc(340)] could not read dos header from C:\Windows\System32\KERNELBASE.dll
[1116/234646.908:ERROR:process_memory_win.cc(73)] ReadMemory at 0x7ffebc4b0000 of 64 bytes failed: Only part of a ReadProcessMemory or WriteProcessMemory request was completed. (0x12B)
[1116/234646.908:WARNING:pe_image_reader.cc(340)] could not read dos header from C:\Program Files (x86)\Google\Chrome\Application\86.0.4240.198\chrome_elf.dll
[1116/234646.908:ERROR:process_memory_win.cc(73)] ReadMemory at 0x7ffece160000 of 64 bytes failed: Only part of a ReadProcessMemory or WriteProcessMemory request was completed. (0x12B)
[1116/234646.908:WARNING:pe_image_reader.cc(340)] could not read dos header from C:\Windows\SYSTEM32\VERSION.dll
[1116/234646.908:ERROR:process_memory_win.cc(73)] ReadMemory at 0x7ffed4640000 of 64 bytes failed: Only part of a ReadProcessMemory or WriteProcessMemory request was completed. (0x12B)
[1116/234646.908:WARNING:pe_image_reader.cc(340)] could not read dos header from C:\Windows\System32\msvcrt.dll
[1116/234646.908:ERROR:process_memory_win.cc(73)] ReadMemory at 0x7ffed3550000 of 64 bytes failed: Only part of a ReadProcessMemory or WriteProcessMemory request was completed. (0x12B)
[1116/234646.908:WARNING:pe_image_reader.cc(340)] could not read dos header from C:\Windows\System32\bcryptPrimitives.dll
[1116/234646.908:ERROR:process_memory_win.cc(73)] ReadMemory at 0x7ffed3d20000 of 64 bytes failed: Only part of a ReadProcessMemory or WriteProcessMemory request was completed. (0x12B)
[1116/234646.908:WARNING:pe_image_reader.cc(340)] could not read dos header from C:\Windows\System32\ADVAPI32.dll
[1116/234646.908:ERROR:process_memory_win.cc(73)] ReadMemory at 0x7ffed45a0000 of 64 bytes failed: Only part of a ReadProcessMemory or WriteProcessMemory request was completed. (0x12B)
[1116/234646.908:WARNING:pe_image_reader.cc(340)] could not read dos header from C:\Windows\System32\sechost.dll
[1116/234646.908:ERROR:process_memory_win.cc(73)] ReadMemory at 0x7ffed4e50000 of 64 bytes failed: Only part of a ReadProcessMemory or WriteProcessMemory request was completed. (0x12B)
[1116/234646.908:WARNING:pe_image_reader.cc(340)] could not read dos header from C:\Windows\System32\RPCRT4.dll
[1116/234646.909:ERROR:process_memory_win.cc(73)] ReadMemory at 0x7ffe8b9e0000 of 64 bytes failed: Only part of a ReadProcessMemory or WriteProcessMemory request was completed. (0x12B)
[1116/234646.909:WARNING:pe_image_reader.cc(340)] could not read dos header from C:\Program Files (x86)\Google\Chrome\Application\86.0.4240.198\chrome.dll
[1116/234646.909:ERROR:process_memory_win.cc(73)] ReadMemory at 0x7ffed68b0000 of 64 bytes failed: Only part of a ReadProcessMemory or WriteProcessMemory request was completed. (0x12B)
[1116/234646.909:WARNING:pe_image_reader.cc(340)] could not read dos header from C:\Windows\System32\WS2_32.dll
[1116/234646.909:ERROR:process_memory_win.cc(73)] ReadMemory at 0x7ffed4850000 of 64 bytes failed: Only part of a ReadProcessMemory or WriteProcessMemory request was completed. (0x12B)
[1116/234646.909:WARNING:pe_image_reader.cc(340)] could not read dos header from C:\Windows\System32\OLEAUT32.dll
[1116/234646.909:ERROR:process_memory_win.cc(73)] ReadMemory at 0x7ffed2cc0000 of 64 bytes failed: Only part of a ReadProcessMemory or WriteProcessMemory request was completed. (0x12B)
[1116/234646.909:WARNING:pe_image_reader.cc(340)] could not read dos header from C:\Windows\System32\msvcp_win.dll
[1116/234646.909:ERROR:process_memory_win.cc(73)] ReadMemory at 0x7ffed2bc0000 of 64 bytes failed: Only part of a ReadProcessMemory or WriteProcessMemory request was completed. (0x12B)
[1116/234646.909:WARNING:pe_image_reader.cc(340)] could not read dos header from C:\Windows\System32\ucrtbase.dll
[1116/234646.909:ERROR:process_memory_win.cc(73)] ReadMemory at 0x7ffed40d0000 of 64 bytes failed: Only part of a ReadProcessMemory or WriteProcessMemory request was completed. (0x12B)
[1116/234646.909:WARNING:pe_image_reader.cc(340)] could not read dos header from C:\Windows\System32\combase.dll
[1116/234646.909:ERROR:process_memory_win.cc(73)] ReadMemory at 0x7ffed2d80000 of 64 bytes failed: Only part of a ReadProcessMemory or WriteProcessMemory request was completed. (0x12B)
[1116/234646.909:WARNING:pe_image_reader.cc(340)] could not read dos header from C:\Windows\System32\WINTRUST.dll
[1116/234646.909:ERROR:process_memory_win.cc(73)] ReadMemory at 0x7ffed2b10000 of 64 bytes failed: Only part of a ReadProcessMemory or WriteProcessMemory request was completed. (0x12B)
[1116/234646.909:WARNING:pe_image_reader.cc(340)] could not read dos header from C:\Windows\System32\MSASN1.dll
[1116/234646.909:ERROR:process_memory_win.cc(73)] ReadMemory at 0x7ffed35d0000 of 64 bytes failed: Only part of a ReadProcessMemory or WriteProcessMemory request was completed. (0x12B)
[1116/234646.909:WARNING:pe_image_reader.cc(340)] could not read dos header from C:\Windows\System32\CRYPT32.dll
[1116/234646.909:ERROR:process_memory_win.cc(73)] ReadMemory at 0x7ffec38c0000 of 64 bytes failed: Only part of a ReadProcessMemory or WriteProcessMemory request was completed. (0x12B)
[1116/234646.909:WARNING:pe_image_reader.cc(340)] could not read dos header from C:\Windows\SYSTEM32\dbghelp.dll
[1116/234646.909:ERROR:process_memory_win.cc(73)] ReadMemory at 0x7ffed2080000 of 64 bytes failed: Only part of a ReadProcessMemory or WriteProcessMemory request was completed. (0x12B)
[1116/234646.910:WARNING:pe_image_reader.cc(340)] could not read dos header from C:\Windows\SYSTEM32\IPHLPAPI.DLL
[1116/234646.910:ERROR:process_memory_win.cc(73)] ReadMemory at 0x7ffed0610000 of 64 bytes failed: Only part of a ReadProcessMemory or WriteProcessMemory request was completed. (0x12B)
[1116/234646.910:WARNING:pe_image_reader.cc(340)] could not read dos header from C:\Windows\SYSTEM32\WINMM.dll
[1116/234646.910:ERROR:process_memory_win.cc(73)] ReadMemory at 0x7ffebc120000 of 64 bytes failed: Only part of a ReadProcessMemory or WriteProcessMemory request was completed. (0x12B)
[1116/234646.910:WARNING:pe_image_reader.cc(340)] could not read dos header from C:\Windows\SYSTEM32\UIAutomationCore.DLL
[1116/234646.910:ERROR:process_memory_win.cc(73)] ReadMemory at 0x7ffeb9d00000 of 64 bytes failed: Only part of a ReadProcessMemory or WriteProcessMemory request was completed. (0x12B)
[1116/234646.910:WARNING:pe_image_reader.cc(340)] could not read dos header from C:\Windows\SYSTEM32\Secur32.dll
[1116/234646.910:ERROR:process_memory_win.cc(73)] ReadMemory at 0x7ffed2a20000 of 64 bytes failed: Only part of a ReadProcessMemory or WriteProcessMemory request was completed. (0x12B)
[1116/234646.910:WARNING:pe_image_reader.cc(340)] could not read dos header from C:\Windows\SYSTEM32\USERENV.dll
[1116/234646.910:ERROR:process_memory_win.cc(73)] ReadMemory at 0x7ffed2b30000 of 64 bytes failed: Only part of a ReadProcessMemory or WriteProcessMemory request was completed. (0x12B)
[1116/234646.910:WARNING:pe_image_reader.cc(340)] could not read dos header from C:\Windows\System32\profapi.dll
[1116/234646.910:ERROR:process_memory_win.cc(73)] ReadMemory at 0x7ffebf400000 of 64 bytes failed: Only part of a ReadProcessMemory or WriteProcessMemory request was completed. (0x12B)
[1116/234646.910:WARNING:pe_image_reader.cc(340)] could not read dos header from C:\Windows\SYSTEM32\DWrite.dll
[1116/234646.910:ERROR:process_memory_win.cc(73)] ReadMemory at 0x7ffebcf70000 of 64 bytes failed: Only part of a ReadProcessMemory or WriteProcessMemory request was completed. (0x12B)
[1116/234646.910:WARNING:pe_image_reader.cc(340)] could not read dos header from C:\Windows\SYSTEM32\WINSPOOL.DRV
[1116/234646.910:ERROR:process_memory_win.cc(73)] ReadMemory at 0x7ffed2af0000 of 64 bytes failed: Only part of a ReadProcessMemory or WriteProcessMemory request was completed. (0x12B)
[1116/234646.910:WARNING:pe_image_reader.cc(340)] could not read dos header from C:\Windows\System32\kernel.appcore.dll
[1116/234646.910:ERROR:process_memory_win.cc(73)] ReadMemory at 0x7ffed3cf0000 of 64 bytes failed: Only part of a ReadProcessMemory or WriteProcessMemory request was completed. (0x12B)
[1116/234646.910:WARNING:pe_image_reader.cc(340)] could not read dos header from C:\Windows\System32\bcrypt.dll
[1116/234646.911:ERROR:process_memory_win.cc(73)] ReadMemory at 0x7ffec6670000 of 64 bytes failed: Only part of a ReadProcessMemory or WriteProcessMemory request was completed. (0x12B)
[1116/234646.911:WARNING:pe_image_reader.cc(340)] could not read dos header from C:\Windows\SYSTEM32\WINHTTP.dll
[1116/234646.911:ERROR:process_memory_win.cc(73)] ReadMemory at 0x7ffeca730000 of 64 bytes failed: Only part of a ReadProcessMemory or WriteProcessMemory request was completed. (0x12B)
[1116/234646.911:WARNING:pe_image_reader.cc(340)] could not read dos header from C:\Windows\SYSTEM32\dhcpcsvc.DLL
[1116/234646.911:ERROR:process_memory_win.cc(73)] ReadMemory at 0x7ffed4e40000 of 64 bytes failed: Only part of a ReadProcessMemory or WriteProcessMemory request was completed. (0x12B)
[1116/234646.911:WARNING:pe_image_reader.cc(340)] could not read dos header from C:\Windows\System32\NSI.dll
[1116/234646.911:ERROR:process_memory_win.cc(73)] ReadMemory at 0x7ffecf3e0000 of 64 bytes failed: Only part of a ReadProcessMemory or WriteProcessMemory request was completed. (0x12B)
[1116/234646.912:WARNING:pe_image_reader.cc(340)] could not read dos header from C:\Windows\SYSTEM32\WINMMBASE.dll
[1116/234646.912:ERROR:process_memory_win.cc(73)] ReadMemory at 0x7ffed3b00000 of 64 bytes failed: Only part of a ReadProcessMemory or WriteProcessMemory request was completed. (0x12B)
[1116/234646.912:WARNING:pe_image_reader.cc(340)] could not read dos header from C:\Windows\System32\cfgmgr32.dll
[1116/234646.912:ERROR:process_memory_win.cc(73)] ReadMemory at 0x7ffeca150000 of 64 bytes failed: Only part of a ReadProcessMemory or WriteProcessMemory request was completed. (0x12B)
[1116/234646.912:WARNING:pe_image_reader.cc(340)] could not read dos header from C:\Windows\SYSTEM32\Bcp47Langs.dll
[1116/234646.912:ERROR:process_memory_win.cc(73)] ReadMemory at 0x7ffecfbb0000 of 64 bytes failed: Only part of a ReadProcessMemory or WriteProcessMemory request was completed. (0x12B)
[1116/234646.912:WARNING:pe_image_reader.cc(340)] could not read dos header from C:\Windows\SYSTEM32\PROPSYS.dll
[1116/234646.912:ERROR:process_memory_win.cc(73)] ReadMemory at 0x7ffed5190000 of 64 bytes failed: Only part of a ReadProcessMemory or WriteProcessMemory request was completed. (0x12B)
[1116/234646.912:WARNING:pe_image_reader.cc(340)] could not read dos header from C:\Windows\System32\shcore.dll
[1116/234646.912:ERROR:process_memory_win.cc(73)] ReadMemory at 0x7ffed29f0000 of 64 bytes failed: Only part of a ReadProcessMemory or WriteProcessMemory request was completed. (0x12B)
[1116/234646.912:WARNING:pe_image_reader.cc(340)] could not read dos header from C:\Windows\SYSTEM32\SSPICLI.DLL
[1116/234646.912:ERROR:process_memory_win.cc(73)] ReadMemory at 0x7ffed2530000 of 64 bytes failed: Only part of a ReadProcessMemory or WriteProcessMemory request was completed. (0x12B)
[1116/234646.912:WARNING:pe_image_reader.cc(340)] could not read dos header from C:\Windows\SYSTEM32\CRYPTBASE.DLL
[1116/234646.932:ERROR:process_memory_win.cc(73)] ReadMemory at 0x49975f2000 of 57344 bytes failed: Only part of a ReadProcessMemory or WriteProcessMemory request was completed. (0x12B)
[1116/234646.932:ERROR:process_memory_win.cc(73)] ReadMemory at 0x4997dfe000 of 8192 bytes failed: Only part of a ReadProcessMemory or WriteProcessMemory request was completed. (0x12B)
[1116/234646.932:ERROR:process_memory_win.cc(73)] ReadMemory at 0x49985f6000 of 40960 bytes failed: Only part of a ReadProcessMemory or WriteProcessMemory request was completed. (0x12B)
[1116/234646.932:ERROR:process_memory_win.cc(73)] ReadMemory at 0x4998dfe000 of 8192 bytes failed: Only part of a ReadProcessMemory or WriteProcessMemory request was completed. (0x12B)
[1116/234646.933:ERROR:process_memory_win.cc(73)] ReadMemory at 0x49995fd000 of 12288 bytes failed: Only part of a ReadProcessMemory or WriteProcessMemory request was completed. (0x12B)
[1116/234646.933:ERROR:process_memory_win.cc(73)] ReadMemory at 0x4999dfe000 of 8192 bytes failed: Only part of a ReadProcessMemory or WriteProcessMemory request was completed. (0x12B)
[1116/234646.933:ERROR:process_memory_win.cc(73)] ReadMemory at 0x499a5fe000 of 8192 bytes failed: Only part of a ReadProcessMemory or WriteProcessMemory request was completed. (0x12B)
[1116/234646.933:ERROR:process_memory_win.cc(73)] ReadMemory at 0x499adfc000 of 16384 bytes failed: Only part of a ReadProcessMemory or WriteProcessMemory request was completed. (0x12B)
[1116/234646.934:ERROR:process_memory_win.cc(73)] ReadMemory at 0x499b5fb000 of 20480 bytes failed: Only part of a ReadProcessMemory or WriteProcessMemory request was completed. (0x12B)
[1116/234646.934:ERROR:process_memory_win.cc(73)] ReadMemory at 0x499bdfe000 of 8192 bytes failed: Only part of a ReadProcessMemory or WriteProcessMemory request was completed. (0x12B)
[1116/234646.934:ERROR:process_memory_win.cc(73)] ReadMemory at 0x499c5fc000 of 16384 bytes failed: Only part of a ReadProcessMemory or WriteProcessMemory request was completed. (0x12B)
[1116/234646.934:ERROR:process_memory_win.cc(73)] ReadMemory at 0x499cdfe000 of 8192 bytes failed: Only part of a ReadProcessMemory or WriteProcessMemory request was completed. (0x12B)
[1116/234646.934:ERROR:process_memory_win.cc(73)] ReadMemory at 0x499d5f6000 of 40960 bytes failed: Only part of a ReadProcessMemory or WriteProcessMemory request was completed. (0x12B)
[1116/234646.934:ERROR:process_memory_win.cc(73)] ReadMemory at 0x499ddfe000 of 8192 bytes failed: Only part of a ReadProcessMemory or WriteProcessMemory request was completed. (0x12B)
[1116/234646.934:ERROR:process_memory_win.cc(73)] ReadMemory at 0x4996c01000 of 852 bytes failed: Only part of a ReadProcessMemory or WriteProcessMemory request was completed. (0x12B)
[1116/234646.934:ERROR:process_memory_win.cc(73)] ReadMemory at 0x4996c02000 of 6024 bytes failed: Only part of a ReadProcessMemory or WriteProcessMemory request was completed. (0x12B)
[1116/234646.935:ERROR:process_memory_win.cc(73)] ReadMemory at 0x4996c04000 of 6024 bytes failed: Only part of a ReadProcessMemory or WriteProcessMemory request was completed. (0x12B)
[1116/234646.935:ERROR:process_memory_win.cc(73)] ReadMemory at 0x4996c06000 of 6024 bytes failed: Only part of a ReadProcessMemory or WriteProcessMemory request was completed. (0x12B)
[1116/234646.935:ERROR:process_memory_win.cc(73)] ReadMemory at 0x4996c08000 of 6024 bytes failed: Only part of a ReadProcessMemory or WriteProcessMemory request was completed. (0x12B)
[1116/234646.935:ERROR:process_memory_win.cc(73)] ReadMemory at 0x4996c0a000 of 6024 bytes failed: Only part of a ReadProcessMemory or WriteProcessMemory request was completed. (0x12B)
[1116/234646.935:ERROR:process_memory_win.cc(73)] ReadMemory at 0x4996c0c000 of 6024 bytes failed: Only part of a ReadProcessMemory or WriteProcessMemory request was completed. (0x12B)
[1116/234646.935:ERROR:process_memory_win.cc(73)] ReadMemory at 0x4996c0e000 of 6024 bytes failed: Only part of a ReadProcessMemory or WriteProcessMemory request was completed. (0x12B)
[1116/234646.935:ERROR:process_memory_win.cc(73)] ReadMemory at 0x4996c10000 of 6024 bytes failed: Only part of a ReadProcessMemory or WriteProcessMemory request was completed. (0x12B)
[1116/234646.935:ERROR:process_memory_win.cc(73)] ReadMemory at 0x4996c12000 of 6024 bytes failed: Only part of a ReadProcessMemory or WriteProcessMemory request was completed. (0x12B)
[1116/234646.935:ERROR:process_memory_win.cc(73)] ReadMemory at 0x4996c14000 of 6024 bytes failed: Only part of a ReadProcessMemory or WriteProcessMemory request was completed. (0x12B)
[1116/234646.936:ERROR:process_memory_win.cc(73)] ReadMemory at 0x4996c16000 of 6024 bytes failed: Only part of a ReadProcessMemory or WriteProcessMemory request was completed. (0x12B)
[1116/234646.936:ERROR:process_memory_win.cc(73)] ReadMemory at 0x4996c18000 of 6024 bytes failed: Only part of a ReadProcessMemory or WriteProcessMemory request was completed. (0x12B)
[1116/234646.936:ERROR:process_memory_win.cc(73)] ReadMemory at 0x4996c1a000 of 6024 bytes failed: Only part of a ReadProcessMemory or WriteProcessMemory request was completed. (0x12B)
[1116/234646.936:ERROR:process_memory_win.cc(73)] ReadMemory at 0x4996c1e000 of 6024 bytes failed: Only part of a ReadProcessMemory or WriteProcessMemory request was completed. (0x12B)
[1116/234646.936:ERROR:process_memory_win.cc(73)] ReadMemory at 0x1bce03c0fe0 of 15574 bytes failed: Only part of a ReadProcessMemory or WriteProcessMemory request was completed. (0x12B)
[1116/234646.936:ERROR:process_memory_win.cc(73)] ReadMemory at 0x1bce03c4cc0 of 1012 bytes failed: Only part of a ReadProcessMemory or WriteProcessMemory request was completed. (0x12B)
[1116/234646.936:ERROR:process_memory_win.cc(73)] ReadMemory at 0x1bce03c52e8 of 118 bytes failed: Only part of a ReadProcessMemory or WriteProcessMemory request was completed. (0x12B)
[1116/234646.938:ERROR:process_memory_win.cc(73)] ReadMemory at 0x1bce03c5360 of 638 bytes failed: Only part of a ReadProcessMemory or WriteProcessMemory request was completed. (0x12B)
[1116/234646.938:ERROR:process_memory_win.cc(73)] ReadMemory at 0x1bce03c55e0 of 118 bytes failed: Only part of a ReadProcessMemory or WriteProcessMemory request was completed. (0x12B)
[1116/234646.938:ERROR:process_memory_win.cc(73)] ReadMemory at 0x1bce03c5658 of 102 bytes failed: Only part of a ReadProcessMemory or WriteProcessMemory request was completed. (0x12B)
[1116/234646.938:ERROR:process_memory_win.cc(73)] ReadMemory at 0x1bce03c56d0 of 58 bytes failed: Only part of a ReadProcessMemory or WriteProcessMemory request was completed. (0x12B)
[1116/234646.938:ERROR:process_memory_win.cc(73)] ReadMemory at 0x1bce03c57d0 of 132 bytes failed: Only part of a ReadProcessMemory or WriteProcessMemory request was completed. (0x12B)
[1116/234646.938:ERROR:process_memory_win.cc(73)] ReadMemory at 0x1bce03c5960 of 132 bytes failed: Only part of a ReadProcessMemory or WriteProcessMemory request was completed. (0x12B)
[1116/234646.939:ERROR:process_memory_win.cc(73)] ReadMemory at 0x1bce03c5b20 of 126 bytes failed: Only part of a ReadProcessMemory or WriteProcessMemory request was completed. (0x12B)
[1116/234646.939:ERROR:process_memory_win.cc(73)] ReadMemory at 0x1bce03c6020 of 132 bytes failed: Only part of a ReadProcessMemory or WriteProcessMemory request was completed. (0x12B)
[1116/234646.939:ERROR:process_memory_win.cc(73)] ReadMemory at 0x1bce03c61b0 of 64 bytes failed: Only part of a ReadProcessMemory or WriteProcessMemory request was completed. (0x12B)
[1116/234646.939:ERROR:process_memory_win.cc(73)] ReadMemory at 0x1bce03c6370 of 132 bytes failed: Only part of a ReadProcessMemory or WriteProcessMemory request was completed. (0x12B)
[1116/234646.939:ERROR:process_memory_win.cc(73)] ReadMemory at 0x1bce03c6610 of 132 bytes failed: Only part of a ReadProcessMemory or WriteProcessMemory request was completed. (0x12B)
[1116/234646.939:ERROR:process_memory_win.cc(73)] ReadMemory at 0x1bce03c67a0 of 68 bytes failed: Only part of a ReadProcessMemory or WriteProcessMemory request was completed. (0x12B)
[1116/234646.939:ERROR:process_memory_win.cc(73)] ReadMemory at 0x1bce03c7720 of 132 bytes failed: Only part of a ReadProcessMemory or WriteProcessMemory request was completed. (0x12B)
[1116/234646.939:ERROR:process_memory_win.cc(73)] ReadMemory at 0x1bce03c78b0 of 154 bytes failed: Only part of a ReadProcessMemory or WriteProcessMemory request was completed. (0x12B)
[1116/234646.939:ERROR:process_memory_win.cc(73)] ReadMemory at 0x1bce03c85c0 of 132 bytes failed: Only part of a ReadProcessMemory or WriteProcessMemory request was completed. (0x12B)
[1116/234646.939:ERROR:process_memory_win.cc(73)] ReadMemory at 0x1bce03c8750 of 60 bytes failed: Only part of a ReadProcessMemory or WriteProcessMemory request was completed. (0x12B)
[1116/234646.939:ERROR:process_memory_win.cc(73)] ReadMemory at 0x1bce03c8f10 of 62 bytes failed: Only part of a ReadProcessMemory or WriteProcessMemory request was completed. (0x12B)
[1116/234646.939:ERROR:process_memory_win.cc(73)] ReadMemory at 0x1bce03d76c0 of 64 bytes failed: Only part of a ReadProcessMemory or WriteProcessMemory request was completed. (0x12B)
[1116/234646.940:ERROR:process_memory_win.cc(73)] ReadMemory at 0x1bce03d7710 of 64 bytes failed: Only part of a ReadProcessMemory or WriteProcessMemory request was completed. (0x12B)
[1116/234646.940:ERROR:process_memory_win.cc(73)] ReadMemory at 0x1bce03d7800 of 64 bytes failed: Only part of a ReadProcessMemory or WriteProcessMemory request was completed. (0x12B)
[1116/234646.940:ERROR:process_memory_win.cc(73)] ReadMemory at 0x1bce03d78a0 of 62 bytes failed: Only part of a ReadProcessMemory or WriteProcessMemory request was completed. (0x12B)
[1116/234646.940:ERROR:process_memory_win.cc(73)] ReadMemory at 0x1bce03d7d00 of 64 bytes failed: Only part of a ReadProcessMemory or WriteProcessMemory request was completed. (0x12B)
[1116/234646.940:ERROR:process_memory_win.cc(73)] ReadMemory at 0x1bce03d7d50 of 62 bytes failed: Only part of a ReadProcessMemory or WriteProcessMemory request was completed. (0x12B)
[1116/234646.940:ERROR:process_memory_win.cc(73)] ReadMemory at 0x1bce03d7da0 of 60 bytes failed: Only part of a ReadProcessMemory or WriteProcessMemory request was completed. (0x12B)
[1116/234646.940:ERROR:process_memory_win.cc(73)] ReadMemory at 0x1bce03d7df0 of 60 bytes failed: Only part of a ReadProcessMemory or WriteProcessMemory request was completed. (0x12B)
[1116/234646.940:ERROR:process_memory_win.cc(73)] ReadMemory at 0x1bce03d7e40 of 62 bytes failed: Only part of a ReadProcessMemory or WriteProcessMemory request was completed. (0x12B)
[1116/234646.940:ERROR:process_memory_win.cc(73)] ReadMemory at 0x1bce03d8020 of 64 bytes failed: Only part of a ReadProcessMemory or WriteProcessMemory request was completed. (0x12B)
[1116/234646.940:ERROR:process_memory_win.cc(73)] ReadMemory at 0x1bce03d8070 of 66 bytes failed: Only part of a ReadProcessMemory or WriteProcessMemory request was completed. (0x12B)
[1116/234646.940:ERROR:process_memory_win.cc(73)] ReadMemory at 0x1bce03d80c0 of 62 bytes failed: Only part of a ReadProcessMemory or WriteProcessMemory request was completed. (0x12B)
[1116/234646.940:ERROR:process_memory_win.cc(73)] ReadMemory at 0x1bce03d8340 of 60 bytes failed: Only part of a ReadProcessMemory or WriteProcessMemory request was completed. (0x12B)
[1116/234646.952:ERROR:process_memory_win.cc(73)] ReadMemory at 0x1bce03db020 of 132 bytes failed: Only part of a ReadProcessMemory or WriteProcessMemory request was completed. (0x12B)
[1116/234646.953:ERROR:process_memory_win.cc(73)] ReadMemory at 0x1bce03db4c0 of 132 bytes failed: Only part of a ReadProcessMemory or WriteProcessMemory request was completed. (0x12B)
[1116/234646.954:ERROR:process_memory_win.cc(73)] ReadMemory at 0x1bce03db7e0 of 132 bytes failed: Only part of a ReadProcessMemory or WriteProcessMemory request was completed. (0x12B)
[1116/234646.954:ERROR:process_memory_win.cc(73)] ReadMemory at 0x1bce03db960 of 132 bytes failed: Only part of a ReadProcessMemory or WriteProcessMemory request was completed. (0x12B)
[1116/234646.954:ERROR:process_memory_win.cc(73)] ReadMemory at 0x1bce03dba90 of 132 bytes failed: Only part of a ReadProcessMemory or WriteProcessMemory request was completed. (0x12B)
[1116/234646.954:ERROR:process_memory_win.cc(73)] ReadMemory at 0x1bce03dbbc0 of 132 bytes failed: Only part of a ReadProcessMemory or WriteProcessMemory request was completed. (0x12B)
[1116/234646.954:ERROR:process_memory_win.cc(73)] ReadMemory at 0x1bce03dbcf0 of 132 bytes failed: Only part of a ReadProcessMemory or WriteProcessMemory request was completed. (0x12B)
[1116/234646.954:ERROR:process_memory_win.cc(73)] ReadMemory at 0x1bce03dbe20 of 132 bytes failed: Only part of a ReadProcessMemory or WriteProcessMemory request was completed. (0x12B)
[1116/234646.954:ERROR:process_memory_win.cc(73)] ReadMemory at 0x1bce03dbf50 of 132 bytes failed: Only part of a ReadProcessMemory or WriteProcessMemory request was completed. (0x12B)
[1116/234646.954:ERROR:process_memory_win.cc(73)] ReadMemory at 0x1bce03dc080 of 132 bytes failed: Only part of a ReadProcessMemory or WriteProcessMemory request was completed. (0x12B)
[1116/234646.954:ERROR:process_memory_win.cc(73)] ReadMemory at 0x1bce03dc1b0 of 132 bytes failed: Only part of a ReadProcessMemory or WriteProcessMemory request was completed. (0x12B)
[1116/234646.954:ERROR:process_memory_win.cc(73)] ReadMemory at 0x1bce03dc2e0 of 132 bytes failed: Only part of a ReadProcessMemory or WriteProcessMemory request was completed. (0x12B)
[1116/234646.955:ERROR:process_memory_win.cc(73)] ReadMemory at 0x1bce03dc410 of 132 bytes failed: Only part of a ReadProcessMemory or WriteProcessMemory request was completed. (0x12B)
[1116/234646.955:ERROR:process_memory_win.cc(73)] ReadMemory at 0x1bce03dc540 of 132 bytes failed: Only part of a ReadProcessMemory or WriteProcessMemory request was completed. (0x12B)
[1116/234646.955:ERROR:process_memory_win.cc(73)] ReadMemory at 0x1bce03dc7a0 of 132 bytes failed: Only part of a ReadProcessMemory or WriteProcessMemory request was completed. (0x12B)
[1116/234646.955:ERROR:process_memory_win.cc(73)] ReadMemory at 0x1bce03e0cc0 of 80 bytes failed: Only part of a ReadProcessMemory or WriteProcessMemory request was completed. (0x12B)
[1116/234646.955:ERROR:process_memory_win.cc(73)] ReadMemory at 0x1bce03e1a50 of 132 bytes failed: Only part of a ReadProcessMemory or WriteProcessMemory request was completed. (0x12B)
[1116/234646.955:ERROR:process_memory_win.cc(73)] ReadMemory at 0x1bce03e4540 of 54 bytes failed: Only part of a ReadProcessMemory or WriteProcessMemory request was completed. (0x12B)
[1116/234646.955:ERROR:process_memory_win.cc(73)] ReadMemory at 0x1bce03e50e0 of 132 bytes failed: Only part of a ReadProcessMemory or WriteProcessMemory request was completed. (0x12B)
[1116/234646.955:ERROR:process_memory_win.cc(73)] ReadMemory at 0x1bce03e5540 of 132 bytes failed: Only part of a ReadProcessMemory or WriteProcessMemory request was completed. (0x12B)
[1116/234646.956:ERROR:process_memory_win.cc(73)] ReadMemory at 0x1bce03e6c00 of 132 bytes failed: Only part of a ReadProcessMemory or WriteProcessMemory request was completed. (0x12B)
[1116/234646.956:ERROR:process_memory_win.cc(73)] ReadMemory at 0x1bce03e6e20 of 132 bytes failed: Only part of a ReadProcessMemory or WriteProcessMemory request was completed. (0x12B)
[1116/234646.956:ERROR:process_memory_win.cc(73)] ReadMemory at 0x1bce03e7040 of 132 bytes failed: Only part of a ReadProcessMemory or WriteProcessMemory request was completed. (0x12B)
[1116/234646.956:ERROR:process_memory_win.cc(73)] ReadMemory at 0x1bce03e73a0 of 132 bytes failed: Only part of a ReadProcessMemory or WriteProcessMemory request was completed. (0x12B)
[1116/234646.956:ERROR:process_memory_win.cc(73)] ReadMemory at 0x1bce03e9f30 of 146 bytes failed: Only part of a ReadProcessMemory or WriteProcessMemory request was completed. (0x12B)
[1116/234646.957:ERROR:process_memory_win.cc(73)] ReadMemory at 0x1bce03ea020 of 76 bytes failed: Only part of a ReadProcessMemory or WriteProcessMemory request was completed. (0x12B)
[1116/234646.957:ERROR:process_memory_win.cc(73)] ReadMemory at 0x1bce03ea500 of 80 bytes failed: Only part of a ReadProcessMemory or WriteProcessMemory request was completed. (0x12B)
[1116/234646.957:ERROR:process_memory_win.cc(73)] ReadMemory at 0x1bce03eb290 of 132 bytes failed: Only part of a ReadProcessMemory or WriteProcessMemory request was completed. (0x12B)
[1116/234646.957:ERROR:process_memory_win.cc(73)] ReadMemory at 0x1bce03eb3c0 of 132 bytes failed: Only part of a ReadProcessMemory or WriteProcessMemory request was completed. (0x12B)
[1116/234646.959:ERROR:process_memory_win.cc(73)] ReadMemory at 0x1bce03eb750 of 132 bytes failed: Only part of a ReadProcessMemory or WriteProcessMemory request was completed. (0x12B)
[1116/234646.959:ERROR:process_memory_win.cc(73)] ReadMemory at 0x1bce03eb9b0 of 132 bytes failed: Only part of a ReadProcessMemory or WriteProcessMemory request was completed. (0x12B)
[1116/234646.959:ERROR:process_memory_win.cc(73)] ReadMemory at 0x1bce03ebae0 of 132 bytes failed: Only part of a ReadProcessMemory or WriteProcessMemory request was completed. (0x12B)
[1116/234646.959:ERROR:process_memory_win.cc(73)] ReadMemory at 0x1bce03ebd40 of 132 bytes failed: Only part of a ReadProcessMemory or WriteProcessMemory request was completed. (0x12B)
[1116/234646.959:ERROR:process_memory_win.cc(73)] ReadMemory at 0x1bce03ebe70 of 132 bytes failed: Only part of a ReadProcessMemory or WriteProcessMemory request was completed. (0x12B)
[1116/234646.959:ERROR:process_memory_win.cc(73)] ReadMemory at 0x1bce03ebfa0 of 132 bytes failed: Only part of a ReadProcessMemory or WriteProcessMemory request was completed. (0x12B)
[1116/234646.959:ERROR:process_memory_win.cc(73)] ReadMemory at 0x1bce03ec200 of 132 bytes failed: Only part of a ReadProcessMemory or WriteProcessMemory request was completed. (0x12B)
[1116/234646.959:ERROR:process_memory_win.cc(73)] ReadMemory at 0x1bce03eca50 of 132 bytes failed: Only part of a ReadProcessMemory or WriteProcessMemory request was completed. (0x12B)
[1116/234646.959:ERROR:process_memory_win.cc(73)] ReadMemory at 0x1bce03ecb80 of 132 bytes failed: Only part of a ReadProcessMemory or WriteProcessMemory request was completed. (0x12B)
[1116/234646.960:ERROR:process_memory_win.cc(73)] ReadMemory at 0x1bce03ed6a0 of 62 bytes failed: Only part of a ReadProcessMemory or WriteProcessMemory request was completed. (0x12B)
[1116/234646.960:ERROR:process_memory_win.cc(73)] ReadMemory at 0x1bce03ed790 of 68 bytes failed: Only part of a ReadProcessMemory or WriteProcessMemory request was completed. (0x12B)
[1116/234646.960:ERROR:process_memory_win.cc(73)] ReadMemory at 0x1bce03ed7e0 of 62 bytes failed: Only part of a ReadProcessMemory or WriteProcessMemory request was completed. (0x12B)
[1116/234646.960:ERROR:process_memory_win.cc(73)] ReadMemory at 0x1bce03eda10 of 62 bytes failed: Only part of a ReadProcessMemory or WriteProcessMemory request was completed. (0x12B)
[1116/234646.960:ERROR:process_memory_win.cc(73)] ReadMemory at 0x1bce03eda60 of 62 bytes failed: Only part of a ReadProcessMemory or WriteProcessMemory request was completed. (0x12B)
[1116/234646.960:ERROR:process_memory_win.cc(73)] ReadMemory at 0x1bce03edb00 of 62 bytes failed: Only part of a ReadProcessMemory or WriteProcessMemory request was completed. (0x12B)
[1116/234646.960:ERROR:process_memory_win.cc(73)] ReadMemory at 0x1bce03edbf0 of 58 bytes failed: Only part of a ReadProcessMemory or WriteProcessMemory request was completed. (0x12B)
[1116/234646.960:ERROR:process_memory_win.cc(73)] ReadMemory at 0x1bce03edc40 of 62 bytes failed: Only part of a ReadProcessMemory or WriteProcessMemory request was completed. (0x12B)
[1116/234646.961:ERROR:process_memory_win.cc(73)] ReadMemory at 0x1bce03edc90 of 64 bytes failed: Only part of a ReadProcessMemory or WriteProcessMemory request was completed. (0x12B)
[1116/234646.961:ERROR:process_memory_win.cc(73)] ReadMemory at 0x1bce03edce0 of 60 bytes failed: Only part of a ReadProcessMemory or WriteProcessMemory request was completed. (0x12B)
[1116/234646.961:ERROR:process_memory_win.cc(73)] ReadMemory at 0x1bce03edd30 of 64 bytes failed: Only part of a ReadProcessMemory or WriteProcessMemory request was completed. (0x12B)
[1116/234646.961:ERROR:process_memory_win.cc(73)] ReadMemory at 0x1bce03edf10 of 60 bytes failed: Only part of a ReadProcessMemory or WriteProcessMemory request was completed. (0x12B)
[1116/234646.961:ERROR:process_memory_win.cc(73)] ReadMemory at 0x1bce03ee0a0 of 60 bytes failed: Only part of a ReadProcessMemory or WriteProcessMemory request was completed. (0x12B)
[1116/234646.961:ERROR:process_memory_win.cc(73)] ReadMemory at 0x1bce03ee140 of 66 bytes failed: Only part of a ReadProcessMemory or WriteProcessMemory request was completed. (0x12B)
[1116/234646.961:ERROR:process_memory_win.cc(73)] ReadMemory at 0x1bce03ee2d0 of 64 bytes failed: Only part of a ReadProcessMemory or WriteProcessMemory request was completed. (0x12B)
[1116/234646.961:ERROR:process_memory_win.cc(73)] ReadMemory at 0x1bce0402e60 of 512 bytes failed: Only part of a ReadProcessMemory or WriteProcessMemory request was completed. (0x12B)
[1116/234646.961:ERROR:process_memory_win.cc(73)] ReadMemory at 0x1bce0438bf0 of 512 bytes failed: Only part of a ReadProcessMemory or WriteProcessMemory request was completed. (0x12B)
[1116/234646.962:ERROR:process_memory_win.cc(73)] ReadMemory at 0x1bce0439520 of 512 bytes failed: Only part of a ReadProcessMemory or WriteProcessMemory request was completed. (0x12B)
[1116/234646.962:ERROR:process_memory_win.cc(73)] ReadMemory at 0x1bce043a320 of 512 bytes failed: Only part of a ReadProcessMemory or WriteProcessMemory request was completed. (0x12B)
[1116/234646.962:ERROR:process_memory_win.cc(73)] ReadMemory at 0x1bce044c780 of 512 bytes failed: Only part of a ReadProcessMemory or WriteProcessMemory request was completed. (0x12B)
[1116/234646.962:ERROR:process_memory_win.cc(73)] ReadMemory at 0x1bce045dc70 of 512 bytes failed: Only part of a ReadProcessMemory or WriteProcessMemory request was completed. (0x12B)
[1116/234646.962:ERROR:process_memory_win.cc(73)] ReadMemory at 0x1bce045efa0 of 512 bytes failed: Only part of a ReadProcessMemory or WriteProcessMemory request was completed. (0x12B)
[1116/234646.962:ERROR:process_memory_win.cc(73)] ReadMemory at 0x1bce0460a20 of 712 bytes failed: Only part of a ReadProcessMemory or WriteProcessMemory request was completed. (0x12B)
[1116/234646.962:ERROR:process_memory_win.cc(73)] ReadMemory at 0x1bce048c070 of 512 bytes failed: Only part of a ReadProcessMemory or WriteProcessMemory request was completed. (0x12B)
[1116/234646.962:ERROR:process_memory_win.cc(73)] ReadMemory at 0x1bce048e590 of 512 bytes failed: Only part of a ReadProcessMemory or WriteProcessMemory request was completed. (0x12B)
[1116/234646.962:ERROR:process_memory_win.cc(73)] ReadMemory at 0x1bce0490680 of 512 bytes failed: Only part of a ReadProcessMemory or WriteProcessMemory request was completed. (0x12B)
[1116/234646.962:ERROR:process_memory_win.cc(73)] ReadMemory at 0x1bce1ca0000 of 384 bytes failed: Only part of a ReadProcessMemory or WriteProcessMemory request was completed. (0x12B)
[1116/234646.964:ERROR:process_memory_win.cc(73)] ReadMemory at 0x1bce1ca72f6 of 716 bytes failed: Only part of a ReadProcessMemory or WriteProcessMemory request was completed. (0x12B)
[1116/234646.964:ERROR:process_memory_win.cc(73)] ReadMemory at 0x1bce1ca9b50 of 512 bytes failed: Only part of a ReadProcessMemory or WriteProcessMemory request was completed. (0x12B)
[1116/234646.964:ERROR:process_memory_win.cc(73)] ReadMemory at 0x1bce1caeef0 of 512 bytes failed: Only part of a ReadProcessMemory or WriteProcessMemory request was completed. (0x12B)
[1116/234646.964:ERROR:process_memory_win.cc(73)] ReadMemory at 0x1bce1cb5e08 of 512 bytes failed: Only part of a ReadProcessMemory or WriteProcessMemory request was completed. (0x12B)
[1116/234646.965:ERROR:process_memory_win.cc(73)] ReadMemory at 0x1bce1cb7128 of 512 bytes failed: Only part of a ReadProcessMemory or WriteProcessMemory request was completed. (0x12B)
[1116/234646.966:ERROR:process_memory_win.cc(73)] ReadMemory at 0x1bce1cdae80 of 512 bytes failed: Only part of a ReadProcessMemory or WriteProcessMemory request was completed. (0x12B)
[1116/234646.966:ERROR:process_memory_win.cc(73)] ReadMemory at 0x1bce20d3370 of 512 bytes failed: Only part of a ReadProcessMemory or WriteProcessMemory request was completed. (0x12B)
[1116/234646.966:ERROR:process_memory_win.cc(73)] ReadMemory at 0x1bce20d3eb8 of 512 bytes failed: Only part of a ReadProcessMemory or WriteProcessMemory request was completed. (0x12B)
[1116/234646.966:ERROR:process_memory_win.cc(73)] ReadMemory at 0x1bce21da100 of 512 bytes failed: Only part of a ReadProcessMemory or WriteProcessMemory request was completed. (0x12B)
[1116/234646.966:ERROR:process_memory_win.cc(73)] ReadMemory at 0x1bce24a5510 of 512 bytes failed: Only part of a ReadProcessMemory or WriteProcessMemory request was completed. (0x12B)
[1116/234646.966:ERROR:process_memory_win.cc(73)] ReadMemory at 0x7d5b00000000 of 384 bytes failed: Only part of a ReadProcessMemory or WriteProcessMemory request was completed. (0x12B)
[1116/234646.966:ERROR:process_memory_win.cc(73)] ReadMemory at 0x7d5b08042129 of 512 bytes failed: Only part of a ReadProcessMemory or WriteProcessMemory request was completed. (0x12B)
[1116/234646.967:ERROR:process_memory_win.cc(73)] ReadMemory at 0x7d5b08042359 of 512 bytes failed: Only part of a ReadProcessMemory or WriteProcessMemory request was completed. (0x12B)
[1116/234646.967:ERROR:process_memory_win.cc(73)] ReadMemory at 0x7d5b08044f5d of 512 bytes failed: Only part of a ReadProcessMemory or WriteProcessMemory request was completed. (0x12B)
[1116/234646.967:ERROR:process_memory_win.cc(73)] ReadMemory at 0x7d5b08202e05 of 507 bytes failed: Only part of a ReadProcessMemory or WriteProcessMemory request was completed. (0x12B)
[1116/234646.967:ERROR:process_memory_win.cc(73)] ReadMemory at 0x7d5b085c882d of 512 bytes failed: Only part of a ReadProcessMemory or WriteProcessMemory request was completed. (0x12B)
[1116/234646.967:ERROR:process_memory_win.cc(73)] ReadMemory at 0x7d5b086e66ed of 512 bytes failed: Only part of a ReadProcessMemory or WriteProcessMemory request was completed. (0x12B)
[1116/234646.967:ERROR:process_memory_win.cc(73)] ReadMemory at 0x7d5b08a2e269 of 512 bytes failed: Only part of a ReadProcessMemory or WriteProcessMemory request was completed. (0x12B)
[1116/234646.967:ERROR:process_memory_win.cc(73)] ReadMemory at 0x7d5b08d572e5 of 532 bytes failed: Only part of a ReadProcessMemory or WriteProcessMemory request was completed. (0x12B)
[1116/234646.967:ERROR:process_memory_win.cc(73)] ReadMemory at 0x7d5b0952f638 of 512 bytes failed: Only part of a ReadProcessMemory or WriteProcessMemory request was completed. (0x12B)
[1116/234646.967:ERROR:process_memory_win.cc(73)] ReadMemory at 0x7d5b09d61b64 of 512 bytes failed: Only part of a ReadProcessMemory or WriteProcessMemory request was completed. (0x12B)
[1116/234646.967:ERROR:process_memory_win.cc(73)] ReadMemory at 0x7ffe8e05f2df of 512 bytes failed: Only part of a ReadProcessMemory or WriteProcessMemory request was completed. (0x12B)
[1116/234646.967:ERROR:process_memory_win.cc(73)] ReadMemory at 0x7ffe8e097800 of 512 bytes failed: Only part of a ReadProcessMemory or WriteProcessMemory request was completed. (0x12B)
[1116/234646.967:ERROR:process_memory_win.cc(73)] ReadMemory at 0x7ffe931863f7 of 512 bytes failed: Only part of a ReadProcessMemory or WriteProcessMemory request was completed. (0x12B)
[1116/234646.970:ERROR:process_memory_win.cc(73)] ReadMemory at 0x7ffebc4e5810 of 512 bytes failed: Only part of a ReadProcessMemory or WriteProcessMemory request was completed. (0x12B)
[1116/234646.970:ERROR:process_memory_win.cc(73)] ReadMemory at 0x7ffebc4e5ed7 of 512 bytes failed: Only part of a ReadProcessMemory or WriteProcessMemory request was completed. (0x12B)
[1116/234646.970:ERROR:process_memory_win.cc(73)] ReadMemory at 0x7ffed3fd21f0 of 512 bytes failed: Only part of a ReadProcessMemory or WriteProcessMemory request was completed. (0x12B)
[1116/234646.970:ERROR:process_memory_win.cc(73)] ReadMemory at 0x7ffed6b4ff00 of 512 bytes failed: Only part of a ReadProcessMemory or WriteProcessMemory request was completed. (0x12B)
[1116/234646.970:ERROR:process_memory_win.cc(73)] ReadMemory at 0x7ffed6b9f764 of 672 bytes failed: Only part of a ReadProcessMemory or WriteProcessMemory request was completed. (0x12B)
[1116/234646.971:ERROR:process_memory_win.cc(73)] ReadMemory at 0x7ffed6ba2ff4 of 608 bytes failed: Only part of a ReadProcessMemory or WriteProcessMemory request was completed. (0x12B)
[1116/234646.971:ERROR:process_memory_win.cc(73)] ReadMemory at 0x7ffed6c2c0c8 of 18 bytes failed: Only part of a ReadProcessMemory or WriteProcessMemory request was completed. (0x12B)
[1116/234646.971:ERROR:process_memory_win.cc(73)] ReadMemory at 0x7ffed6c5f4f8 of 40 bytes failed: Only part of a ReadProcessMemory or WriteProcessMemory request was completed. (0x12B)
[1116/234646.971:ERROR:process_memory_win.cc(73)] ReadMemory at 0x7ffed6c5f978 of 48 bytes failed: Only part of a ReadProcessMemory or WriteProcessMemory request was completed. (0x12B)
[1116/234646.971:ERROR:process_memory_win.cc(73)] ReadMemory at 0x7ffed6c653a0 of 64 bytes failed: Only part of a ReadProcessMemory or WriteProcessMemory request was completed. (0x12B)
[1116/234646.974:ERROR:scoped_process_suspend.cc(40)] NtResumeProcess: An attempt was made to access an exiting process. (0xc000010a)
[1118/001925.288:ERROR:directory_reader_win.cc(43)] FindFirstFile: The system cannot find the path specified. (0x3)
[1118/110642.368:ERROR:directory_reader_win.cc(43)] FindFirstFile: The system cannot find the path specified. (0x3)
[1119/123841.557:ERROR:directory_reader_win.cc(43)] FindFirstFile: The system cannot find the path specified. (0x3)
[1119/195554.114:ERROR:directory_reader_win.cc(43)] FindFirstFile: The system cannot find the path specified. (0x3)
[1124/163325.871:ERROR:directory_reader_win.cc(43)] FindFirstFile: The system cannot find the path specified. (0x3)
[1201/134742.770:ERROR:directory_reader_win.cc(43)] FindFirstFile: The system cannot find the path specified. (0x3)
[1202/133604.329:ERROR:directory_reader_win.cc(43)] FindFirstFile: The system cannot find the path specified. (0x3)
[1202/205911.020:ERROR:directory_reader_win.cc(43)] FindFirstFile: The system cannot find the path specified. (0x3)
[1204/111634.203:ERROR:directory_reader_win.cc(43)] FindFirstFile: The system cannot find the path specified. (0x3)
[1211/102301.022:ERROR:directory_reader_win.cc(43)] FindFirstFile: The system cannot find the path specified. (0x3)
[1212/154202.757:ERROR:directory_reader_win.cc(43)] FindFirstFile: The system cannot find the path specified. (0x3)
